#-----------------------------------------------------------
# Vivado v2019.2 (64-bit)
# SW Build 2708876 on Wed Nov  6 21:40:23 MST 2019
# IP Build 2700528 on Thu Nov  7 00:09:20 MST 2019
# Start of session at: Fri Nov  1 13:54:09 2024
# Process ID: 15060
# Current directory: D:/20251/zhinengjisuan/lab3/proj
# Command line: vivado.exe -gui_launcher_event rodinguilauncherevent13288 D:\20251\zhinengjisuan\lab3\proj\matmul.xpr
# Log file: D:/20251/zhinengjisuan/lab3/proj/vivado.log
# Journal file: D:/20251/zhinengjisuan/lab3/proj\vivado.jou
#-----------------------------------------------------------
start_guioopen_project D:/20251/zhinengjisuan/lab3/proj/matmul.xpr
Scanning sources...
Finished scanning sources
INFO: [IP_Flow 19-234] Refreshing IP repositories
INFO: [IP_Flow 19-1704] No user IP repositories specified
INFO: [IP_Flow 19-2313] Loaded Vivado IP repository 'D:/Xilinx_Vitis_2019.2_1106_2127/Vivado/2019.2/data/ip'.
open_project: Time (s): cpu = 00:00:18 ; elapsed = 00:00:09 . Memory (MB): peak = 920.617 ; gain = 273.359
update_compile_order -fileset sources_1launch_simulation
Command: launch_simulation 
INFO: [Vivado 12-5682] Launching behavioral simulation in 'D:/20251/zhinengjisuan/lab3/proj/matmul.sim/sim_1/behav/xsim'
INFO: [SIM-utils-51] Simulation object is 'sim_1'
INFO: [SIM-utils-54] Inspecting design source files for 'Multiply_8x8_tb' in fileset 'sim_1'...
INFO: [USF-XSim-97] Finding global include files...
INFO: [USF-XSim-98] Fetching design files from 'sim_1'...
INFO: [USF-XSim-2] XSim::Compile design
INFO: [USF-XSim-61] Executing 'COMPILE and ANALYZE' step in 'D:/20251/zhinengjisuan/lab3/proj/matmul.sim/sim_1/behav/xsim'
"xvlog --incr --relax -prj Multiply_8x8_tb_vlog.prj"
INFO: [USF-XSim-69] 'compile' step finished in '2' seconds
INFO: [USF-XSim-3] XSim::Elaborate design
INFO: [USF-XSim-61] Executing 'ELABORATE' step in 'D:/20251/zhinengjisuan/lab3/proj/matmul.sim/sim_1/behav/xsim'
"xelab -wto c5a28d8a5ecf455a95c88ac34f77405c --incr --debug typical --relax --mt 2 -L xil_defaultlib -L unisims_ver -L unimacro_ver -L secureip --snapshot Multiply_8x8_tb_behav xil_defaultlib.Multiply_8x8_tb xil_defaultlib.glbl -log elaborate.log"
Vivado Simulator 2019.2
Copyright 1986-1999, 2001-2019 Xilinx, Inc. All Rights Reserved.
Running: D:/Xilinx_Vitis_2019.2_1106_2127/Vivado/2019.2/bin/unwrapped/win64.o/xelab.exe -wto c5a28d8a5ecf455a95c88ac34f77405c --incr --debug typical --relax --mt 2 -L xil_defaultlib -L unisims_ver -L unimacro_ver -L secureip --snapshot Multiply_8x8_tb_behav xil_defaultlib.Multiply_8x8_tb xil_defaultlib.glbl -log elaborate.log 
Using 2 slave threads.
Starting static elaboration
Pass Through NonSizing Optimizer
Completed static elaboration
INFO: [XSIM 43-4323] No Change in HDL. Linking previously generated obj files to create kernel
INFO: [USF-XSim-69] 'elaborate' step finished in '2' seconds
INFO: [USF-XSim-4] XSim::Simulate design
INFO: [USF-XSim-61] Executing 'SIMULATE' step in 'D:/20251/zhinengjisuan/lab3/proj/matmul.sim/sim_1/behav/xsim'
INFO: [USF-XSim-98] *** Running xsim
   with args "Multiply_8x8_tb_behav -key {Behavioral:sim_1:Functional:Multiply_8x8_tb} -tclbatch {Multiply_8x8_tb.tcl} -view {D:/20251/zhinengjisuan/lab3/proj/Multiply_8x8_tb_behav.wcfg} -log {simulate.log}"
INFO: [USF-XSim-8] Loading simulator feature
Vivado Simulator 2019.2
Time resolution is 1 ps
open_wave_config D:/20251/zhinengjisuan/lab3/proj/Multiply_8x8_tb_behav.wcfg
source Multiply_8x8_tb.tcl
# set curr_wave [current_wave_config]
# if { [string length $curr_wave] == 0 } {
#   if { [llength [get_objects]] > 0} {
#     add_wave /
#     set_property needs_save false [current_wave_config]
#   } else {
#      send_msg_id Add_Wave-1 WARNING "No top level signals found. Simulator will start without a wave window. If you want to open a wave window go to 'File->New Waveform Configuration' or type 'create_wave_config' in the TCL console."
#   }
# }
# run 1000ns
xsim: Time (s): cpu = 00:00:10 ; elapsed = 00:00:06 . Memory (MB): peak = 911.645 ; gain = 2.199
INFO: [USF-XSim-96] XSim completed. Design snapshot 'Multiply_8x8_tb_behav' loaded.
INFO: [USF-XSim-97] XSim simulation ran for 1000ns
launch_simulation: Time (s): cpu = 00:00:11 ; elapsed = 00:00:11 . Memory (MB): peak = 911.645 ; gain = 2.199
run all
run: Time (s): cpu = 00:00:03 ; elapsed = 00:00:09 . Memory (MB): peak = 917.797 ; gain = 2.230
